TN:
SF:/Users/acn/Desktop/opentok/accelerator-textchat-js/opentok.js-text-chat/src/opentok-text-chat.js
FN:2,(anonymous_1)
FN:54,(anonymous_2)
FN:78,(anonymous_3)
FN:103,(anonymous_4)
FN:108,(anonymous_5)
FN:136,(anonymous_6)
FN:146,(anonymous_7)
FN:151,(anonymous_8)
FN:166,(anonymous_9)
FN:186,(anonymous_10)
FN:202,(anonymous_11)
FN:211,(anonymous_12)
FN:218,(anonymous_13)
FN:228,(anonymous_14)
FN:257,(anonymous_15)
FN:284,(anonymous_16)
FN:300,(anonymous_17)
FN:303,(anonymous_18)
FN:315,(anonymous_19)
FN:321,(anonymous_20)
FN:335,updateCharCounter
FN:344,controlComposerInput
FN:354,(anonymous_23)
FN:361,(anonymous_24)
FN:375,(anonymous_25)
FN:387,(anonymous_26)
FN:388,(anonymous_27)
FN:394,(anonymous_28)
FN:405,(anonymous_29)
FN:415,(anonymous_30)
FN:427,(anonymous_31)
FN:439,(anonymous_32)
FN:451,(anonymous_33)
FN:458,(anonymous_34)
FN:464,(anonymous_35)
FN:489,(anonymous_36)
FN:502,(anonymous_37)
FN:509,(anonymous_38)
FN:518,(anonymous_39)
FN:524,(anonymous_40)
FN:530,(anonymous_41)
FN:540,(anonymous_42)
FN:564,(anonymous_43)
FN:590,(anonymous_44)
FN:593,(anonymous_45)
FN:596,(anonymous_46)
FN:599,(anonymous_47)
FN:602,(anonymous_48)
FN:610,(anonymous_49)
FNF:49
FNH:18
FNDA:1,(anonymous_1)
FNDA:13,(anonymous_2)
FNDA:6,(anonymous_3)
FNDA:2,(anonymous_4)
FNDA:0,(anonymous_5)
FNDA:0,(anonymous_6)
FNDA:0,(anonymous_7)
FNDA:0,(anonymous_8)
FNDA:0,(anonymous_9)
FNDA:0,(anonymous_10)
FNDA:0,(anonymous_11)
FNDA:0,(anonymous_12)
FNDA:0,(anonymous_13)
FNDA:0,(anonymous_14)
FNDA:0,(anonymous_15)
FNDA:0,(anonymous_16)
FNDA:0,(anonymous_17)
FNDA:0,(anonymous_18)
FNDA:0,(anonymous_19)
FNDA:0,(anonymous_20)
FNDA:0,updateCharCounter
FNDA:0,controlComposerInput
FNDA:0,(anonymous_23)
FNDA:0,(anonymous_24)
FNDA:0,(anonymous_25)
FNDA:0,(anonymous_26)
FNDA:0,(anonymous_27)
FNDA:0,(anonymous_28)
FNDA:1,(anonymous_29)
FNDA:1,(anonymous_30)
FNDA:11,(anonymous_31)
FNDA:0,(anonymous_32)
FNDA:16,(anonymous_33)
FNDA:39,(anonymous_34)
FNDA:13,(anonymous_35)
FNDA:11,(anonymous_36)
FNDA:0,(anonymous_37)
FNDA:11,(anonymous_38)
FNDA:0,(anonymous_39)
FNDA:11,(anonymous_40)
FNDA:0,(anonymous_41)
FNDA:0,(anonymous_42)
FNDA:16,(anonymous_43)
FNDA:1,(anonymous_44)
FNDA:2,(anonymous_45)
FNDA:1,(anonymous_46)
FNDA:1,(anonymous_47)
FNDA:0,(anonymous_48)
FNDA:0,(anonymous_49)
DA:2,1
DA:6,1
DA:7,1
DA:8,1
DA:10,1
DA:12,0
DA:13,0
DA:14,0
DA:15,0
DA:16,0
DA:17,0
DA:20,1
DA:21,1
DA:22,1
DA:23,1
DA:24,1
DA:29,1
DA:30,1
DA:33,1
DA:35,1
DA:54,1
DA:57,13
DA:59,13
DA:66,13
DA:68,13
DA:74,12
DA:78,1
DA:79,6
DA:83,6
DA:89,1
DA:90,1
DA:91,1
DA:92,1
DA:93,1
DA:94,1
DA:95,1
DA:96,1
DA:97,1
DA:98,1
DA:101,1
DA:103,1
DA:104,2
DA:108,1
DA:109,0
DA:112,0
DA:136,1
DA:138,0
DA:139,0
DA:142,0
DA:146,1
DA:147,0
DA:148,0
DA:151,1
DA:153,0
DA:163,0
DA:166,1
DA:168,0
DA:172,0
DA:179,0
DA:180,0
DA:181,0
DA:182,0
DA:186,1
DA:187,0
DA:188,0
DA:189,0
DA:190,0
DA:191,0
DA:194,0
DA:196,0
DA:198,0
DA:202,1
DA:203,0
DA:204,0
DA:205,0
DA:206,0
DA:208,0
DA:211,1
DA:212,0
DA:213,0
DA:214,0
DA:215,0
DA:218,1
DA:219,0
DA:220,0
DA:221,0
DA:222,0
DA:223,0
DA:224,0
DA:225,0
DA:228,1
DA:230,0
DA:232,0
DA:233,0
DA:234,0
DA:235,0
DA:237,0
DA:240,0
DA:250,0
DA:252,0
DA:253,0
DA:258,0
DA:259,0
DA:261,0
DA:262,0
DA:263,0
DA:265,0
DA:266,0
DA:269,0
DA:273,0
DA:275,0
DA:276,0
DA:280,0
DA:285,0
DA:286,0
DA:287,0
DA:288,0
DA:290,0
DA:291,0
DA:292,0
DA:297,0
DA:300,1
DA:301,0
DA:302,0
DA:304,0
DA:312,0
DA:313,0
DA:316,0
DA:321,1
DA:324,0
DA:326,0
DA:328,0
DA:329,0
DA:331,0
DA:333,0
DA:335,0
DA:336,0
DA:337,0
DA:338,0
DA:340,0
DA:344,0
DA:345,0
DA:346,0
DA:347,0
DA:348,0
DA:352,0
DA:354,0
DA:355,0
DA:358,0
DA:361,1
DA:362,0
DA:363,0
DA:365,0
DA:366,0
DA:368,0
DA:371,0
DA:372,0
DA:375,1
DA:376,0
DA:377,0
DA:378,0
DA:379,0
DA:380,0
DA:381,0
DA:383,0
DA:387,1
DA:388,0
DA:389,0
DA:391,0
DA:394,1
DA:395,0
DA:396,0
DA:397,0
DA:398,0
DA:399,0
DA:400,0
DA:401,0
DA:402,0
DA:405,1
DA:406,1
DA:407,1
DA:408,1
DA:409,1
DA:412,1
DA:415,1
DA:416,1
DA:417,1
DA:418,1
DA:419,1
DA:420,1
DA:423,1
DA:424,1
DA:427,1
DA:429,11
DA:430,11
DA:431,11
DA:432,11
DA:434,11
DA:435,11
DA:437,11
DA:439,11
DA:441,0
DA:442,0
DA:443,0
DA:444,0
DA:446,0
DA:451,1
DA:453,16
DA:454,2
DA:458,13
DA:459,39
DA:460,39
DA:464,13
DA:465,13
DA:468,13
DA:469,13
DA:475,13
DA:480,13
DA:489,1
DA:490,11
DA:497,11
DA:498,11
DA:499,11
DA:502,1
DA:503,0
DA:504,0
DA:505,0
DA:509,1
DA:510,11
DA:511,11
DA:512,0
DA:513,0
DA:515,11
DA:518,1
DA:519,0
DA:520,0
DA:524,1
DA:526,11
DA:527,9
DA:528,9
DA:530,9
DA:531,0
DA:532,0
DA:533,0
DA:535,0
DA:540,9
DA:541,0
DA:542,0
DA:543,0
DA:544,0
DA:549,2
DA:550,2
DA:552,11
DA:553,11
DA:559,11
DA:564,1
DA:567,16
DA:570,16
DA:573,13
DA:575,11
DA:576,0
DA:579,11
DA:580,0
DA:582,11
DA:584,11
DA:585,11
DA:588,1
DA:591,1
DA:594,2
DA:597,1
DA:600,1
DA:603,0
DA:607,1
DA:608,0
DA:609,1
DA:610,0
DA:611,0
DA:614,1
LF:278
LH:126
BRDA:10,1,0,0
BRDA:10,1,1,1
BRDA:10,2,0,1
BRDA:10,2,1,0
BRDA:104,3,0,2
BRDA:104,3,1,2
BRDA:110,4,0,0
BRDA:110,4,1,0
BRDA:138,5,0,0
BRDA:138,5,1,0
BRDA:139,6,0,0
BRDA:139,6,1,0
BRDA:168,7,0,0
BRDA:168,7,1,0
BRDA:187,8,0,0
BRDA:187,8,1,0
BRDA:204,9,0,0
BRDA:204,9,1,0
BRDA:213,10,0,0
BRDA:213,10,1,0
BRDA:215,11,0,0
BRDA:215,11,1,0
BRDA:221,12,0,0
BRDA:221,12,1,0
BRDA:224,13,0,0
BRDA:224,13,1,0
BRDA:233,14,0,0
BRDA:233,14,1,0
BRDA:252,15,0,0
BRDA:252,15,1,0
BRDA:258,16,0,0
BRDA:258,16,1,0
BRDA:262,17,0,0
BRDA:262,17,1,0
BRDA:265,18,0,0
BRDA:265,18,1,0
BRDA:285,19,0,0
BRDA:285,19,1,0
BRDA:301,20,0,0
BRDA:301,20,1,0
BRDA:312,21,0,0
BRDA:312,21,1,0
BRDA:326,22,0,0
BRDA:326,22,1,0
BRDA:337,23,0,0
BRDA:337,23,1,0
BRDA:345,24,0,0
BRDA:345,24,1,0
BRDA:346,25,0,0
BRDA:346,25,1,0
BRDA:346,26,0,0
BRDA:346,26,1,0
BRDA:365,27,0,0
BRDA:365,27,1,0
BRDA:378,28,0,0
BRDA:378,28,1,0
BRDA:380,29,0,0
BRDA:380,29,1,0
BRDA:380,30,0,0
BRDA:380,30,1,0
BRDA:441,31,0,0
BRDA:441,31,1,0
BRDA:443,32,0,0
BRDA:443,32,1,0
BRDA:453,33,0,2
BRDA:453,33,1,13
BRDA:459,34,0,39
BRDA:459,34,1,39
BRDA:475,35,0,13
BRDA:475,35,1,13
BRDA:498,36,0,11
BRDA:498,36,1,9
BRDA:503,37,0,0
BRDA:503,37,1,0
BRDA:503,38,0,0
BRDA:503,38,1,0
BRDA:511,39,0,0
BRDA:511,39,1,11
BRDA:511,40,0,11
BRDA:511,40,1,0
BRDA:519,41,0,0
BRDA:519,41,1,0
BRDA:526,42,0,9
BRDA:526,42,1,2
BRDA:531,43,0,0
BRDA:531,43,1,0
BRDA:532,44,0,0
BRDA:532,44,1,0
BRDA:535,45,0,0
BRDA:535,45,1,0
BRDA:541,46,0,0
BRDA:541,46,1,0
BRDA:543,47,0,0
BRDA:543,47,1,0
BRDA:575,48,0,0
BRDA:575,48,1,11
BRDA:579,49,0,0
BRDA:579,49,1,11
BRDA:582,50,0,11
BRDA:582,50,1,11
BRDA:607,51,0,0
BRDA:607,51,1,1
BRDA:609,52,0,0
BRDA:609,52,1,1
BRDA:609,53,0,1
BRDA:609,53,1,0
BRF:106
BRH:23
end_of_record
